\BOOKMARK [0][-]{Doc-Start}{Declaration of Original and Sole Authorship}{}% 1
\BOOKMARK [0][-]{chapter*.1}{Abstract}{}% 2
\BOOKMARK [0][-]{section*.3}{Acknowledgment}{}% 3
\BOOKMARK [0][-]{chapter*.4}{Abbreviations}{}% 4
\BOOKMARK [0][-]{table.0.1}{Glossary}{}% 5
\BOOKMARK [0][-]{table.0.2}{Nomenclature}{}% 6
\BOOKMARK [0][-]{table.0.3}{Contents}{}% 7
\BOOKMARK [0][-]{chapter*.8}{List of Figures}{}% 8
\BOOKMARK [0][-]{chapter*.9}{List of Tables}{}% 9
\BOOKMARK [0][-]{chapter*.10}{Introduction}{}% 10
\BOOKMARK [0][-]{chapter.1}{Literature review}{}% 11
\BOOKMARK [1][-]{section.1.1}{Cold atoms}{chapter.1}% 12
\BOOKMARK [2][-]{subsection.1.1.1}{Cooling of atomic gases}{section.1.1}% 13
\BOOKMARK [2][-]{subsection.1.1.2}{Introduction to Bose\205Einstein condensation}{section.1.1}% 14
\BOOKMARK [2][-]{subsection.1.1.3}{Theoretical description of BECs: Gross\205Pitaevskii equation}{section.1.1}% 15
\BOOKMARK [2][-]{subsection.1.1.4}{Realisation of Bose\205Einstein condensation in dilute gases}{section.1.1}% 16
\BOOKMARK [2][-]{subsection.1.1.5}{Lower dimensional condensates}{section.1.1}% 17
\BOOKMARK [1][-]{section.1.2}{Superfluidity}{chapter.1}% 18
\BOOKMARK [2][-]{subsection.1.2.1}{Introduction to superfluidity}{section.1.2}% 19
\BOOKMARK [2][-]{subsection.1.2.2}{Vortices in Bose\205Einstein condensates}{section.1.2}% 20
\BOOKMARK [2][-]{subsection.1.2.3}{Vortex lattices}{section.1.2}% 21
\BOOKMARK [2][-]{subsection.1.2.4}{Fast rotation limit}{section.1.2}% 22
\BOOKMARK [2][-]{subsection.1.2.5}{Optical lattice potentials}{section.1.2}% 23
\BOOKMARK [2][-]{subsection.1.2.6}{Recent advances and discoveries}{section.1.2}% 24
\BOOKMARK [0][-]{chapter.2}{Numerics}{}% 25
\BOOKMARK [1][-]{section.2.1}{Numerics}{chapter.2}% 26
\BOOKMARK [1][-]{section.2.2}{Angular momentum operators using FSO method}{chapter.2}% 27
\BOOKMARK [2][-]{subsection.2.2.1}{Time evolution}{section.2.2}% 28
\BOOKMARK [1][-]{section.2.3}{Vortex tracking}{chapter.2}% 29
\BOOKMARK [1][-]{section.2.4}{General purpose GPU computing}{chapter.2}% 30
\BOOKMARK [1][-]{section.2.5}{GPUE: GPU Gross\205Pitaevskii equation solver}{chapter.2}% 31
\BOOKMARK [2][-]{subsection.2.5.1}{Introduction}{section.2.5}% 32
\BOOKMARK [2][-]{subsection.2.5.2}{Coherent Tunnelling by Adiabatic Passage}{section.2.5}% 33
\BOOKMARK [2][-]{subsection.2.5.3}{Atom Chips}{section.2.5}% 34
\BOOKMARK [2][-]{subsection.2.5.4}{MPI and CUDA}{section.2.5}% 35
\BOOKMARK [2][-]{subsection.2.5.5}{3D Simulations}{section.2.5}% 36
\BOOKMARK [2][-]{subsection.2.5.6}{Conclusions}{section.2.5}% 37
\BOOKMARK [2][-]{subsection.2.5.7}{Acknowledgements}{section.2.5}% 38
\BOOKMARK [0][-]{chapter.3}{Vortex dynamics}{}% 39
\BOOKMARK [1][-]{section.3.1}{Vortex lattice}{chapter.3}% 40
\BOOKMARK [0][-]{chapter.4}{Moir\351 superlattice structures}{}% 41
\BOOKMARK [1][-]{section.4.1}{Delta-kick dynamics}{chapter.4}% 42
\BOOKMARK [1][-]{section.4.2}{Dynamics following a kick}{chapter.4}% 43
\BOOKMARK [2][-]{subsection.4.2.1}{Non-rotating condensate}{section.4.2}% 44
\BOOKMARK [2][-]{subsection.4.2.2}{Rapidly rotating condensate}{section.4.2}% 45
\BOOKMARK [1][-]{section.4.3}{Kinetic energy decomposition}{chapter.4}% 46
\BOOKMARK [1][-]{section.4.4}{Superlattice structures}{chapter.4}% 47
\BOOKMARK [1][-]{section.4.5}{Moir\350 interference theory}{chapter.4}% 48
\BOOKMARK [0][-]{chapter.5}{Defect engineering}{}% 49
\BOOKMARK [1][-]{subsection.5.0.1}{Rapidly rotating BEC}{chapter.5}% 50
\BOOKMARK [2][-]{subsection.5.0.2}{Order/disorder}{subsection.5.0.1}% 51
\BOOKMARK [2][-]{subsection.5.0.3}{Phase imprinting defects}{subsection.5.0.1}% 52
\BOOKMARK [2][-]{subsection.5.0.4}{Things to note}{subsection.5.0.1}% 53
\BOOKMARK [2][-]{subsection.5.0.5}{Correlations}{subsection.5.0.1}% 54
\BOOKMARK [2][-]{subsection.5.0.6}{Numerics and results}{subsection.5.0.1}% 55
\BOOKMARK [0][-]{subsection.5.0.6}{Conclusion}{}% 56
\BOOKMARK [0][-]{appendix.A}{Appendices and Supplementary Data}{}% 57
\BOOKMARK [0][-]{appendix.A}{Bibliography}{}% 58
